<?xml version="1.0" encoding="UTF-8"?>
<coverage generated="1486215898202" clover="3.2.0">
  <project timestamp="1486215898202" name="All files">
    <metrics statements="10" coveredstatements="10" conditionals="10" coveredconditionals="8" methods="1" coveredmethods="0" elements="21" coveredelements="18" complexity="0" loc="10" ncloc="10" packages="1" files="2" classes="2">
      <file name="helper.js" path="/Users/xiaotingzhou/github/xDate/src/helper.js">
        <metrics statements="0" coveredstatements="0" conditionals="0" coveredconditionals="0" methods="1" coveredmethods="0"/>
      </file>
      <file name="index.js" path="/Users/xiaotingzhou/github/xDate/src/index.js">
        <metrics statements="10" coveredstatements="10" conditionals="10" coveredconditionals="8" methods="0" coveredmethods="0"/>
        <line num="1" count="1" type="stmt"/>
        <line num="3" count="1" type="stmt"/>
        <line num="7" count="3" type="stmt"/>
        <line num="9" count="3" type="stmt"/>
        <line num="10" count="2" type="stmt"/>
        <line num="11" count="1" type="stmt"/>
        <line num="14" count="1" type="stmt"/>
        <line num="18" count="3" type="stmt"/>
        <line num="19" count="3" type="stmt"/>
        <line num="22" count="3" type="stmt"/>
      </file>
    </metrics>
  </project>
</coverage>
