{"/Users/xiaotingzhou/github/xDate/src/helper.js": {"path":"/Users/xiaotingzhou/github/xDate/src/helper.js","statementMap":{},"fnMap":{"0":{"name":"merge","decl":{"start":{"line":1,"column":48},"end":{"line":1,"column":53}},"loc":{"start":{"line":1,"column":56},"end":{"line":3,"column":1}}}},"branchMap":{},"s":{},"f":{"0":0},"b":{}}
,"/Users/xiaotingzhou/github/xDate/src/index.js": {"path":"/Users/xiaotingzhou/github/xDate/src/index.js","statementMap":{"0":{"start":{"line":1,"column":19},"end":{"line":24,"column":1}},"1":{"start":{"line":3,"column":2},"end":{"line":3,"column":20}},"2":{"start":{"line":7,"column":15},"end":{"line":7,"column":26}},"3":{"start":{"line":9,"column":2},"end":{"line":16,"column":3}},"4":{"start":{"line":10,"column":3},"end":{"line":15,"column":4}},"5":{"start":{"line":11,"column":4},"end":{"line":11,"column":42}},"6":{"start":{"line":14,"column":4},"end":{"line":14,"column":20}},"7":{"start":{"line":18,"column":2},"end":{"line":20,"column":3}},"8":{"start":{"line":19,"column":3},"end":{"line":19,"column":25}},"9":{"start":{"line":22,"column":2},"end":{"line":22,"column":45}}},"fnMap":{},"branchMap":{"0":{"loc":{"start":{"line":9,"column":2},"end":{"line":16,"column":3}},"type":"if","locations":[{"start":{"line":9,"column":2},"end":{"line":16,"column":3}},{"start":{"line":9,"column":2},"end":{"line":16,"column":3}}]},"1":{"loc":{"start":{"line":10,"column":3},"end":{"line":15,"column":4}},"type":"if","locations":[{"start":{"line":10,"column":3},"end":{"line":15,"column":4}},{"start":{"line":10,"column":3},"end":{"line":15,"column":4}}]},"2":{"loc":{"start":{"line":18,"column":2},"end":{"line":20,"column":3}},"type":"if","locations":[{"start":{"line":18,"column":2},"end":{"line":20,"column":3}},{"start":{"line":18,"column":2},"end":{"line":20,"column":3}}]},"3":{"loc":{"start":{"line":18,"column":6},"end":{"line":18,"column":41}},"type":"binary-expr","locations":[{"start":{"line":18,"column":6},"end":{"line":18,"column":23}},{"start":{"line":18,"column":27},"end":{"line":18,"column":41}}]},"4":{"loc":{"start":{"line":22,"column":9},"end":{"line":22,"column":44}},"type":"cond-expr","locations":[{"start":{"line":22,"column":33},"end":{"line":22,"column":37}},{"start":{"line":22,"column":40},"end":{"line":22,"column":44}}]}},"s":{"0":1,"1":1,"2":3,"3":3,"4":2,"5":1,"6":1,"7":3,"8":3,"9":3},"f":{},"b":{"0":[2,1],"1":[1,1],"2":[3,0],"3":[3,0],"4":[1,2]},"_coverageSchema":"332fd63041d2c1bcb487cc26dd0d5f7d97098a6c","hash":"759398b814c6807fa68d63d2b2c04a03a509dbae"}
}
